<?xml version="1.0" encoding="utf-8"?><testsuites><testsuite errors="0" failures="1" hostname="Francis.local" name="pytest" skipped="0" tests="1" time="0.437" timestamp="2020-09-08T10:28:29.228678"><testcase classname="test_0_add_activity_type.TestAddNewActivityType" file="test_0_add_activity_type.py" line="8" name="test_add_new_activity_type" time="0.309"><failure message="AssertionError: {&apos;code&apos;: &apos;-9&apos;, &apos;data&apos;: &apos;c3ludGF4IGVycm9yLCBwb3MgNjcsIGpzb24gOiB7J3R5cGVOYW1lJzogJ+a0u+WKqOexu+WeiycsICdzb3J0TnVtJzogJzEnLCAnc2hvd1N0YXR1cyc6IDIsICdlbnRJZCc6IE5vbmUsICdsYWJlbE5hbWUnOiAnJ30=&apos;, &apos;msg&apos;: &apos;系统错误&apos;}">E   AssertionError: {&apos;code&apos;: &apos;-9&apos;, &apos;data&apos;: &apos;c3ludGF4IGVycm9yLCBwb3MgNjcsIGpzb24gOiB7J3R5cGVOYW1lJzogJ+a0u+WKqOexu+WeiycsICdzb3J0TnVtJzogJzEnLCAnc2hvd1N0YXR1cyc6IDIsICdlbnRJZCc6IE5vbmUsICdsYWJlbE5hbWUnOiAnJ30=&apos;, &apos;msg&apos;: &apos;系统错误&apos;}</failure><system-out>{&apos;name&apos;: &apos;ac.activityType.add&apos;, &apos;data&apos;: {&apos;typeName&apos;: &apos;活动类型&apos;, &apos;sortNum&apos;: &apos;1&apos;, &apos;showStatus&apos;: 2, &apos;entId&apos;: None, &apos;labelName&apos;: &apos;&apos;}, &apos;api&apos;: &apos;/ac-web/api&apos;, &apos;method&apos;: &apos;post&apos;}
</system-out></testcase></testsuite></testsuites>