<?xml version="1.0" encoding="utf-8"?><testsuites><testsuite errors="0" failures="0" hostname="Francis.local" name="pytest" skipped="0" tests="16" time="80.120" timestamp="2020-09-04T18:06:40.507876"><testcase classname="test_0_add_new_product.TestPutawayNewProduct" file="test_0_add_new_product.py" line="10" name="test_putaway_new_product" time="1.018"></testcase><testcase classname="test_1_plm_in_menu.TestPlmMenu" file="test_1_plm_in_menu.py" line="13" name="test_0" time="10.294"></testcase><testcase classname="test_1_plm_in_menu.TestPlmMenu" file="test_1_plm_in_menu.py" line="37" name="test_1" time="8.457"></testcase><testcase classname="test_1_plm_in_menu.TestPlmMenu" file="test_1_plm_in_menu.py" line="56" name="test_2" time="0.058"></testcase><testcase classname="test_2_create_new_plm.TestCreateNewPlm" file="test_2_create_new_plm.py" line="12" name="test_0" time="14.009"></testcase><testcase classname="test_2_create_new_plm.TestCreateNewPlm" file="test_2_create_new_plm.py" line="48" name="test_1" time="3.974"></testcase><testcase classname="test_2_create_new_plm.TestCreateNewPlm" file="test_2_create_new_plm.py" line="78" name="test_2" time="3.701"></testcase><testcase classname="test_2_create_new_plm.TestCreateNewPlm" file="test_2_create_new_plm.py" line="104" name="test_3" time="5.860"></testcase><testcase classname="test_3_set_plm_for_new_product.TestSetPlmForNewProduct" file="test_3_set_plm_for_new_product.py" line="11" name="test_0" time="0.164"></testcase><testcase classname="test_3_set_plm_for_new_product.TestSetPlmForNewProduct" file="test_3_set_plm_for_new_product.py" line="21" name="test_1" time="0.584"></testcase><testcase classname="test_3_set_plm_for_new_product.TestSetPlmForNewProduct" file="test_3_set_plm_for_new_product.py" line="35" name="test_2" time="1.286"></testcase><testcase classname="test_3_set_plm_for_new_product.TestSetPlmForNewProduct" file="test_3_set_plm_for_new_product.py" line="48" name="test_3" time="9.868"></testcase><testcase classname="test_3_set_plm_for_new_product.TestSetPlmForNewProduct" file="test_3_set_plm_for_new_product.py" line="105" name="test_4" time="2.026"></testcase><testcase classname="test_3_set_plm_for_new_product.TestSetPlmForNewProduct" file="test_3_set_plm_for_new_product.py" line="157" name="test_5" time="2.814"></testcase><testcase classname="test_3_set_plm_for_new_product.TestSetPlmForNewProduct" file="test_3_set_plm_for_new_product.py" line="293" name="test_6" time="1.499"></testcase><testcase classname="test_4_add_reservation.TestPythonOrgSearch" file="test_4_add_reservation.py" line="9" name="test_0" time="14.426"></testcase></testsuite></testsuites>