<?xml version="1.0" encoding="utf-8"?><testsuites><testsuite errors="0" failures="1" hostname="Francis.local" name="pytest" skipped="0" tests="16" time="76.693" timestamp="2020-08-24T17:55:39.544032"><testcase classname="test_0_add_new_product.TestAddNewProductProcess" file="test_0_add_new_product.py" line="9" name="test_add_new_product" time="0.721"></testcase><testcase classname="test_1_plm_in_menu.TestPlmMenu" file="test_1_plm_in_menu.py" line="11" name="test_0" time="4.629"></testcase><testcase classname="test_1_plm_in_menu.TestPlmMenu" file="test_1_plm_in_menu.py" line="35" name="test_1" time="2.985"></testcase><testcase classname="test_1_plm_in_menu.TestPlmMenu" file="test_1_plm_in_menu.py" line="50" name="test_2" time="0.081"></testcase><testcase classname="test_2_create_new_plm.TestCreateNewPlm" file="test_2_create_new_plm.py" line="11" name="test_0" time="3.725"></testcase><testcase classname="test_2_create_new_plm.TestCreateNewPlm" file="test_2_create_new_plm.py" line="46" name="test_1" time="3.854"></testcase><testcase classname="test_2_create_new_plm.TestCreateNewPlm" file="test_2_create_new_plm.py" line="75" name="test_2" time="3.140"></testcase><testcase classname="test_2_create_new_plm.TestCreateNewPlm" file="test_2_create_new_plm.py" line="99" name="test_3" time="12.698"></testcase><testcase classname="test_3_set_plm_for_new_product.TestSetPlmForNewProduct" file="test_3_set_plm_for_new_product.py" line="11" name="test_0" time="0.166"></testcase><testcase classname="test_3_set_plm_for_new_product.TestSetPlmForNewProduct" file="test_3_set_plm_for_new_product.py" line="21" name="test_1" time="0.588"></testcase><testcase classname="test_3_set_plm_for_new_product.TestSetPlmForNewProduct" file="test_3_set_plm_for_new_product.py" line="35" name="test_2" time="0.883"></testcase><testcase classname="test_3_set_plm_for_new_product.TestSetPlmForNewProduct" file="test_3_set_plm_for_new_product.py" line="47" name="test_3" time="10.099"></testcase><testcase classname="test_3_set_plm_for_new_product.TestSetPlmForNewProduct" file="test_3_set_plm_for_new_product.py" line="101" name="test_4" time="1.922"><failure message="selenium.common.exceptions.ElementClickInterceptedException: Message: element click intercepted: Element &lt;a&gt;...&lt;/a&gt; is not clickable at point (513, 447). Other element would receive the click: &lt;li class=&quot;el-select-dropdown__item&quot;&gt;...&lt;/li&gt;
  (Session info: chrome=84.0.4147.135)">E   selenium.common.exceptions.ElementClickInterceptedException: Message: element click intercepted: Element &lt;a&gt;...&lt;/a&gt; is not clickable at point (513, 447). Other element would receive the click: &lt;li class=&quot;el-select-dropdown__item&quot;&gt;...&lt;/li&gt;
      (Session info: chrome=84.0.4147.135)</failure></testcase><testcase classname="test_3_set_plm_for_new_product.TestSetPlmForNewProduct" file="test_3_set_plm_for_new_product.py" line="150" name="test_5" time="2.863"></testcase><testcase classname="test_3_set_plm_for_new_product.TestSetPlmForNewProduct" file="test_3_set_plm_for_new_product.py" line="286" name="test_6" time="1.053"></testcase><testcase classname="test_4_add_reservation.TestPythonOrgSearch" file="test_4_add_reservation.py" line="8" name="test_0" time="27.099"><system-out>Message: 

Message: 

</system-out></testcase></testsuite></testsuites>