<?xml version="1.0" encoding="utf-8"?><testsuites><testsuite errors="0" failures="1" hostname="Francis.local" name="pytest" skipped="0" tests="16" time="89.036" timestamp="2020-09-07T15:12:15.389871"><testcase classname="test_0_add_new_product.TestPutawayNewProduct" file="test_0_add_new_product.py" line="10" name="test_putaway_new_product" time="1.173"></testcase><testcase classname="test_1_plm_in_menu.TestPlmMenu" file="test_1_plm_in_menu.py" line="15" name="test_0" time="9.795"></testcase><testcase classname="test_1_plm_in_menu.TestPlmMenu" file="test_1_plm_in_menu.py" line="39" name="test_1" time="7.850"></testcase><testcase classname="test_1_plm_in_menu.TestPlmMenu" file="test_1_plm_in_menu.py" line="58" name="test_2" time="0.042"></testcase><testcase classname="test_2_create_new_plm.TestCreateNewPlm" file="test_2_create_new_plm.py" line="12" name="test_0" time="13.662"></testcase><testcase classname="test_2_create_new_plm.TestCreateNewPlm" file="test_2_create_new_plm.py" line="48" name="test_1" time="3.718"></testcase><testcase classname="test_2_create_new_plm.TestCreateNewPlm" file="test_2_create_new_plm.py" line="78" name="test_2" time="3.205"></testcase><testcase classname="test_2_create_new_plm.TestCreateNewPlm" file="test_2_create_new_plm.py" line="104" name="test_3" time="5.798"></testcase><testcase classname="test_3_set_plm_for_new_product.TestSetPlmForNewProduct" file="test_3_set_plm_for_new_product.py" line="11" name="test_0" time="0.137"></testcase><testcase classname="test_3_set_plm_for_new_product.TestSetPlmForNewProduct" file="test_3_set_plm_for_new_product.py" line="21" name="test_1" time="1.052"></testcase><testcase classname="test_3_set_plm_for_new_product.TestSetPlmForNewProduct" file="test_3_set_plm_for_new_product.py" line="36" name="test_2" time="1.319"></testcase><testcase classname="test_3_set_plm_for_new_product.TestSetPlmForNewProduct" file="test_3_set_plm_for_new_product.py" line="49" name="test_3" time="10.379"></testcase><testcase classname="test_3_set_plm_for_new_product.TestSetPlmForNewProduct" file="test_3_set_plm_for_new_product.py" line="106" name="test_4" time="2.422"></testcase><testcase classname="test_3_set_plm_for_new_product.TestSetPlmForNewProduct" file="test_3_set_plm_for_new_product.py" line="158" name="test_5" time="2.842"></testcase><testcase classname="test_3_set_plm_for_new_product.TestSetPlmForNewProduct" file="test_3_set_plm_for_new_product.py" line="294" name="test_6" time="1.081"></testcase><testcase classname="test_4_add_reservation.TestPythonOrgSearch" file="test_4_add_reservation.py" line="9" name="test_0" time="24.404"><failure message="AssertionError: TimeoutException(&apos;&apos;, None, None)
assert 1 != 1">E   selenium.common.exceptions.TimeoutException: Message:

During handling of the above exception, another exception occurred:
E   AssertionError: TimeoutException(&apos;&apos;, None, None)
    assert 1 != 1</failure></testcase></testsuite></testsuites>