<?xml version="1.0" encoding="utf-8"?><testsuites><testsuite errors="0" failures="6" hostname="Francis.local" name="pytest" skipped="0" tests="16" time="131.857" timestamp="2020-08-24T11:22:43.526842"><testcase classname="test_0_add_new_product.TestAddNewProductProcess" file="test_0_add_new_product.py" line="9" name="test_add_new_product" time="1.672"></testcase><testcase classname="test_1_plm_in_menu.TestPlmMenu" file="test_1_plm_in_menu.py" line="11" name="test_0" time="15.954"></testcase><testcase classname="test_1_plm_in_menu.TestPlmMenu" file="test_1_plm_in_menu.py" line="35" name="test_1" time="10.510"><failure message="AssertionError: TimeoutException(&apos;超时！/等待class元素:el-menu-item失败！&apos;, None, None)
assert 1 != 1">E   selenium.common.exceptions.TimeoutException: Message: 超时！/等待class元素:el-menu-item失败！

During handling of the above exception, another exception occurred:
E   AssertionError: TimeoutException(&apos;超时！/等待class元素:el-menu-item失败！&apos;, None, None)
    assert 1 != 1</failure></testcase><testcase classname="test_1_plm_in_menu.TestPlmMenu" file="test_1_plm_in_menu.py" line="50" name="test_2" time="1.176"></testcase><testcase classname="test_2_create_new_plm.TestCreateNewPlm" file="test_2_create_new_plm.py" line="11" name="test_0" time="4.251"></testcase><testcase classname="test_2_create_new_plm.TestCreateNewPlm" file="test_2_create_new_plm.py" line="46" name="test_1" time="4.191"></testcase><testcase classname="test_2_create_new_plm.TestCreateNewPlm" file="test_2_create_new_plm.py" line="75" name="test_2" time="3.144"></testcase><testcase classname="test_2_create_new_plm.TestCreateNewPlm" file="test_2_create_new_plm.py" line="99" name="test_3" time="10.556"><failure message="AssertionError: TimeoutException(&quot;超时！/等待xpath路径://li[contains(text(),&apos;贴息管理方案&apos;)]失败！&quot;, None, None)
assert 1 != 1">E   selenium.common.exceptions.TimeoutException: Message: 超时！/等待xpath路径://li[contains(text(),&apos;贴息管理方案&apos;)]失败！

During handling of the above exception, another exception occurred:
E   AssertionError: TimeoutException(&quot;超时！/等待xpath路径://li[contains(text(),&apos;贴息管理方案&apos;)]失败！&quot;, None, None)
    assert 1 != 1</failure></testcase><testcase classname="test_3_set_plm_for_new_product.TestSetPlmForNewProduct" file="test_3_set_plm_for_new_product.py" line="11" name="test_0" time="0.174"></testcase><testcase classname="test_3_set_plm_for_new_product.TestSetPlmForNewProduct" file="test_3_set_plm_for_new_product.py" line="21" name="test_1" time="0.607"></testcase><testcase classname="test_3_set_plm_for_new_product.TestSetPlmForNewProduct" file="test_3_set_plm_for_new_product.py" line="35" name="test_2" time="0.915"></testcase><testcase classname="test_3_set_plm_for_new_product.TestSetPlmForNewProduct" file="test_3_set_plm_for_new_product.py" line="47" name="test_3" time="13.665"><failure message="AssertionError: TimeoutException(&quot;超时！/等待xpath路径://span[contains(text(),&apos;UI-贴息管理方案1361f064-e5b9-11ea-bb72-acde48001122&apos;)]失败！&quot;, None, None)
assert 1 != 1">E   selenium.common.exceptions.TimeoutException: Message: 超时！/等待xpath路径://span[contains(text(),&apos;UI-贴息管理方案1361f064-e5b9-11ea-bb72-acde48001122&apos;)]失败！

During handling of the above exception, another exception occurred:
E   AssertionError: TimeoutException(&quot;超时！/等待xpath路径://span[contains(text(),&apos;UI-贴息管理方案1361f064-e5b9-11ea-bb72-acde48001122&apos;)]失败！&quot;, None, None)
    assert 1 != 1</failure></testcase><testcase classname="test_3_set_plm_for_new_product.TestSetPlmForNewProduct" file="test_3_set_plm_for_new_product.py" line="100" name="test_4" time="10.320"><failure message="AssertionError: TimeoutException(&apos;超时！/等待xpath路径://*[@id=&quot;pane-1&quot;]/section/section/section[1]/div[1]/div[2]/div/button失败！&apos;, None, None)
assert 1 != 1">E   selenium.common.exceptions.TimeoutException: Message: 超时！/等待xpath路径://*[@id=&quot;pane-1&quot;]/section/section/section[1]/div[1]/div[2]/div/button失败！

During handling of the above exception, another exception occurred:
E   AssertionError: TimeoutException(&apos;超时！/等待xpath路径://*[@id=&quot;pane-1&quot;]/section/section/section[1]/div[1]/div[2]/div/button失败！&apos;, None, None)
    assert 1 != 1</failure></testcase><testcase classname="test_3_set_plm_for_new_product.TestSetPlmForNewProduct" file="test_3_set_plm_for_new_product.py" line="149" name="test_5" time="10.567"><failure message="AssertionError: TimeoutException(&apos;超时！/等待xpath路径://*/section/section/section[2]/div[1]/div[2]/div/button失败！&apos;, None, None)
assert 1 != 1">E   selenium.common.exceptions.TimeoutException: Message: 超时！/等待xpath路径://*/section/section/section[2]/div[1]/div[2]/div/button失败！

During handling of the above exception, another exception occurred:
E   AssertionError: TimeoutException(&apos;超时！/等待xpath路径://*/section/section/section[2]/div[1]/div[2]/div/button失败！&apos;, None, None)
    assert 1 != 1</failure></testcase><testcase classname="test_3_set_plm_for_new_product.TestSetPlmForNewProduct" file="test_3_set_plm_for_new_product.py" line="285" name="test_6" time="10.566"><failure message="AssertionError: TimeoutException(&apos;超时！/等待xpath路径://*[@id=&quot;pane-1&quot;]/section/section/section[3]/div[1]/div[2]/div/button失败！&apos;, None, None)
assert 1 != 1">E   selenium.common.exceptions.TimeoutException: Message: 超时！/等待xpath路径://*[@id=&quot;pane-1&quot;]/section/section/section[3]/div[1]/div[2]/div/button失败！

During handling of the above exception, another exception occurred:
E   AssertionError: TimeoutException(&apos;超时！/等待xpath路径://*[@id=&quot;pane-1&quot;]/section/section/section[3]/div[1]/div[2]/div/button失败！&apos;, None, None)
    assert 1 != 1</failure></testcase><testcase classname="test_4_add_reservation.TestPythonOrgSearch" file="test_4_add_reservation.py" line="8" name="test_0" time="33.305"><system-out>Message: 

Message: 

</system-out></testcase></testsuite></testsuites>