<?xml version="1.0" encoding="utf-8"?><testsuites><testsuite errors="0" failures="0" hostname="Francis.local" name="pytest" skipped="0" tests="16" time="66.342" timestamp="2020-09-09T09:41:09.443932"><testcase classname="test_0_add_new_product.TestPutawayNewProduct" file="test_0_add_new_product.py" line="6" name="test_putaway_new_product" time="0.653"></testcase><testcase classname="test_1_plm_in_menu.TestPlmMenu" file="test_1_plm_in_menu.py" line="12" name="test_0" time="13.016"></testcase><testcase classname="test_1_plm_in_menu.TestPlmMenu" file="test_1_plm_in_menu.py" line="35" name="test_1" time="7.416"></testcase><testcase classname="test_1_plm_in_menu.TestPlmMenu" file="test_1_plm_in_menu.py" line="54" name="test_2" time="0.042"></testcase><testcase classname="test_2_create_new_plm.TestCreateNewPlm" file="test_2_create_new_plm.py" line="10" name="test_0" time="6.581"></testcase><testcase classname="test_2_create_new_plm.TestCreateNewPlm" file="test_2_create_new_plm.py" line="46" name="test_1" time="3.154"></testcase><testcase classname="test_2_create_new_plm.TestCreateNewPlm" file="test_2_create_new_plm.py" line="76" name="test_2" time="2.972"></testcase><testcase classname="test_2_create_new_plm.TestCreateNewPlm" file="test_2_create_new_plm.py" line="104" name="test_3" time="5.167"></testcase><testcase classname="test_3_set_plm_for_new_product.TestSetPlmForNewProduct" file="test_3_set_plm_for_new_product.py" line="11" name="test_0" time="0.128"></testcase><testcase classname="test_3_set_plm_for_new_product.TestSetPlmForNewProduct" file="test_3_set_plm_for_new_product.py" line="21" name="test_1" time="1.024"></testcase><testcase classname="test_3_set_plm_for_new_product.TestSetPlmForNewProduct" file="test_3_set_plm_for_new_product.py" line="36" name="test_2" time="1.314"></testcase><testcase classname="test_3_set_plm_for_new_product.TestSetPlmForNewProduct" file="test_3_set_plm_for_new_product.py" line="49" name="test_3" time="10.363"></testcase><testcase classname="test_3_set_plm_for_new_product.TestSetPlmForNewProduct" file="test_3_set_plm_for_new_product.py" line="106" name="test_4" time="1.942"></testcase><testcase classname="test_3_set_plm_for_new_product.TestSetPlmForNewProduct" file="test_3_set_plm_for_new_product.py" line="158" name="test_5" time="2.927"></testcase><testcase classname="test_3_set_plm_for_new_product.TestSetPlmForNewProduct" file="test_3_set_plm_for_new_product.py" line="294" name="test_6" time="1.027"></testcase><testcase classname="test_4_add_reservation.TestPythonOrgSearch" file="test_4_add_reservation.py" line="9" name="test_0" time="8.534"></testcase></testsuite></testsuites>