<?xml version="1.0" encoding="utf-8"?><testsuites><testsuite errors="0" failures="0" hostname="Francis.local" name="pytest" skipped="0" tests="16" time="64.655" timestamp="2020-09-10T18:14:18.303141"><testcase classname="test_0_add_new_product.TestPutawayNewProduct" file="test_0_add_new_product.py" line="6" name="test_putaway_new_product" time="0.676"></testcase><testcase classname="test_1_plm_in_menu.TestPlmMenu" file="test_1_plm_in_menu.py" line="12" name="test_0" time="10.571"></testcase><testcase classname="test_1_plm_in_menu.TestPlmMenu" file="test_1_plm_in_menu.py" line="35" name="test_1" time="7.663"></testcase><testcase classname="test_1_plm_in_menu.TestPlmMenu" file="test_1_plm_in_menu.py" line="54" name="test_2" time="0.054"></testcase><testcase classname="test_2_create_new_plm.TestCreateNewPlm" file="/Users/zhaojining/python_Project/NewAutomation/plm_process/test_2_create_new_plm.py" line="10" name="test_0" time="6.561"></testcase><testcase classname="test_2_create_new_plm.TestCreateNewPlm" file="/Users/zhaojining/python_Project/NewAutomation/plm_process/test_2_create_new_plm.py" line="46" name="test_1" time="3.184"></testcase><testcase classname="test_2_create_new_plm.TestCreateNewPlm" file="/Users/zhaojining/python_Project/NewAutomation/plm_process/test_2_create_new_plm.py" line="76" name="test_2" time="3.040"></testcase><testcase classname="test_2_create_new_plm.TestCreateNewPlm" file="/Users/zhaojining/python_Project/NewAutomation/plm_process/test_2_create_new_plm.py" line="104" name="test_3" time="5.194"></testcase><testcase classname="test_3_set_plm_for_new_product.TestSetPlmForNewProduct" file="test_3_set_plm_for_new_product.py" line="11" name="test_0" time="0.134"></testcase><testcase classname="test_3_set_plm_for_new_product.TestSetPlmForNewProduct" file="test_3_set_plm_for_new_product.py" line="21" name="test_1" time="1.049"></testcase><testcase classname="test_3_set_plm_for_new_product.TestSetPlmForNewProduct" file="test_3_set_plm_for_new_product.py" line="36" name="test_2" time="1.302"></testcase><testcase classname="test_3_set_plm_for_new_product.TestSetPlmForNewProduct" file="test_3_set_plm_for_new_product.py" line="49" name="test_3" time="10.845"></testcase><testcase classname="test_3_set_plm_for_new_product.TestSetPlmForNewProduct" file="test_3_set_plm_for_new_product.py" line="111" name="test_4" time="2.025"></testcase><testcase classname="test_3_set_plm_for_new_product.TestSetPlmForNewProduct" file="test_3_set_plm_for_new_product.py" line="165" name="test_5" time="2.757"></testcase><testcase classname="test_3_set_plm_for_new_product.TestSetPlmForNewProduct" file="test_3_set_plm_for_new_product.py" line="304" name="test_6" time="1.128"></testcase><testcase classname="test_4_add_reservation.TestPythonOrgSearch" file="/Users/zhaojining/python_Project/NewAutomation/plm_process/test_4_add_reservation.py" line="9" name="test_0" time="8.373"></testcase></testsuite></testsuites>