<?xml version="1.0" encoding="utf-8"?><testsuites><testsuite errors="0" failures="1" hostname="Francis.local" name="pytest" skipped="0" tests="16" time="70.972" timestamp="2020-09-10T17:44:10.331806"><testcase classname="test_0_add_new_product.TestPutawayNewProduct" file="test_0_add_new_product.py" line="6" name="test_putaway_new_product" time="0.648"></testcase><testcase classname="test_1_plm_in_menu.TestPlmMenu" file="test_1_plm_in_menu.py" line="12" name="test_0" time="11.690"></testcase><testcase classname="test_1_plm_in_menu.TestPlmMenu" file="test_1_plm_in_menu.py" line="35" name="test_1" time="8.568"></testcase><testcase classname="test_1_plm_in_menu.TestPlmMenu" file="test_1_plm_in_menu.py" line="54" name="test_2" time="0.126"></testcase><testcase classname="test_2_create_new_plm.TestCreateNewPlm" file="/Users/zhaojining/python_Project/NewAutomation/plm_process/test_2_create_new_plm.py" line="10" name="test_0" time="6.578"></testcase><testcase classname="test_2_create_new_plm.TestCreateNewPlm" file="/Users/zhaojining/python_Project/NewAutomation/plm_process/test_2_create_new_plm.py" line="46" name="test_1" time="3.171"></testcase><testcase classname="test_2_create_new_plm.TestCreateNewPlm" file="/Users/zhaojining/python_Project/NewAutomation/plm_process/test_2_create_new_plm.py" line="76" name="test_2" time="3.050"></testcase><testcase classname="test_2_create_new_plm.TestCreateNewPlm" file="/Users/zhaojining/python_Project/NewAutomation/plm_process/test_2_create_new_plm.py" line="104" name="test_3" time="4.772"></testcase><testcase classname="test_3_set_plm_for_new_product.TestSetPlmForNewProduct" file="test_3_set_plm_for_new_product.py" line="11" name="test_0" time="0.127"></testcase><testcase classname="test_3_set_plm_for_new_product.TestSetPlmForNewProduct" file="test_3_set_plm_for_new_product.py" line="21" name="test_1" time="1.049"></testcase><testcase classname="test_3_set_plm_for_new_product.TestSetPlmForNewProduct" file="test_3_set_plm_for_new_product.py" line="36" name="test_2" time="1.355"></testcase><testcase classname="test_3_set_plm_for_new_product.TestSetPlmForNewProduct" file="test_3_set_plm_for_new_product.py" line="49" name="test_3" time="10.801"></testcase><testcase classname="test_3_set_plm_for_new_product.TestSetPlmForNewProduct" file="test_3_set_plm_for_new_product.py" line="111" name="test_4" time="2.897"><failure message="selenium.common.exceptions.ElementClickInterceptedException: Message: element click intercepted: Element &lt;section class=&quot;nb-button-wrapper large&quot; primary=&quot;&quot; style=&quot;background-color: rgb(33, 121, 255);&quot;&gt;...&lt;/section&gt; is not clickable at point (901, 814). Other element would receive the click: &lt;span&gt;...&lt;/span&gt;
  (Session info: chrome=85.0.4183.102)">E   selenium.common.exceptions.ElementClickInterceptedException: Message: element click intercepted: Element &lt;section class=&quot;nb-button-wrapper large&quot; primary=&quot;&quot; style=&quot;background-color: rgb(33, 121, 255);&quot;&gt;...&lt;/section&gt; is not clickable at point (901, 814). Other element would receive the click: &lt;span&gt;...&lt;/span&gt;
      (Session info: chrome=85.0.4183.102)</failure></testcase><testcase classname="test_3_set_plm_for_new_product.TestSetPlmForNewProduct" file="test_3_set_plm_for_new_product.py" line="163" name="test_5" time="2.817"></testcase><testcase classname="test_3_set_plm_for_new_product.TestSetPlmForNewProduct" file="test_3_set_plm_for_new_product.py" line="302" name="test_6" time="1.089"></testcase><testcase classname="test_4_add_reservation.TestPythonOrgSearch" file="/Users/zhaojining/python_Project/NewAutomation/plm_process/test_4_add_reservation.py" line="9" name="test_0" time="12.051"></testcase></testsuite></testsuites>