<?xml version="1.0" encoding="utf-8"?><testsuites><testsuite errors="0" failures="1" hostname="Francis.local" name="pytest" skipped="0" tests="16" time="75.375" timestamp="2020-09-11T18:30:33.058667"><testcase classname="test_0_add_new_product.TestPutawayNewProduct" file="test_0_add_new_product.py" line="6" name="test_putaway_new_product" time="1.636"></testcase><testcase classname="test_1_plm_in_menu.TestPlmMenu" file="test_1_plm_in_menu.py" line="12" name="test_0" time="11.748"></testcase><testcase classname="test_1_plm_in_menu.TestPlmMenu" file="test_1_plm_in_menu.py" line="35" name="test_1" time="7.487"></testcase><testcase classname="test_1_plm_in_menu.TestPlmMenu" file="test_1_plm_in_menu.py" line="54" name="test_2" time="0.064"></testcase><testcase classname="test_2_create_new_plm.TestCreateNewPlm" file="/Users/zhaojining/python_Project/NewAutomation/plm_process/test_2_create_new_plm.py" line="10" name="test_0" time="6.699"></testcase><testcase classname="test_2_create_new_plm.TestCreateNewPlm" file="/Users/zhaojining/python_Project/NewAutomation/plm_process/test_2_create_new_plm.py" line="46" name="test_1" time="3.169"></testcase><testcase classname="test_2_create_new_plm.TestCreateNewPlm" file="/Users/zhaojining/python_Project/NewAutomation/plm_process/test_2_create_new_plm.py" line="76" name="test_2" time="3.055"></testcase><testcase classname="test_2_create_new_plm.TestCreateNewPlm" file="/Users/zhaojining/python_Project/NewAutomation/plm_process/test_2_create_new_plm.py" line="104" name="test_3" time="5.226"></testcase><testcase classname="test_3_set_plm_for_new_product.TestSetPlmForNewProduct" file="test_3_set_plm_for_new_product.py" line="11" name="test_0" time="0.130"></testcase><testcase classname="test_3_set_plm_for_new_product.TestSetPlmForNewProduct" file="test_3_set_plm_for_new_product.py" line="21" name="test_1" time="1.035"></testcase><testcase classname="test_3_set_plm_for_new_product.TestSetPlmForNewProduct" file="test_3_set_plm_for_new_product.py" line="36" name="test_2" time="1.333"></testcase><testcase classname="test_3_set_plm_for_new_product.TestSetPlmForNewProduct" file="test_3_set_plm_for_new_product.py" line="49" name="test_3" time="10.834"></testcase><testcase classname="test_3_set_plm_for_new_product.TestSetPlmForNewProduct" file="test_3_set_plm_for_new_product.py" line="111" name="test_4" time="1.953"></testcase><testcase classname="test_3_set_plm_for_new_product.TestSetPlmForNewProduct" file="test_3_set_plm_for_new_product.py" line="165" name="test_5" time="2.694"></testcase><testcase classname="test_3_set_plm_for_new_product.TestSetPlmForNewProduct" file="test_3_set_plm_for_new_product.py" line="304" name="test_6" time="1.121"></testcase><testcase classname="test_4_add_reservation.TestPythonOrgSearch" file="/Users/zhaojining/python_Project/NewAutomation/plm_process/test_4_add_reservation.py" line="9" name="test_0" time="17.021"><failure message="AssertionError: TimeoutException(&apos;&apos;, None, None)
assert 1 != 1">E   selenium.common.exceptions.TimeoutException: Message:

During handling of the above exception, another exception occurred:
E   AssertionError: TimeoutException(&apos;&apos;, None, None)
    assert 1 != 1</failure></testcase></testsuite></testsuites>