<?xml version="1.0" encoding="utf-8"?><testsuites><testsuite errors="0" failures="0" hostname="Francis.local" name="pytest" skipped="0" tests="16" time="64.567" timestamp="2020-09-10T18:02:55.680861"><testcase classname="test_0_add_new_product.TestPutawayNewProduct" file="test_0_add_new_product.py" line="6" name="test_putaway_new_product" time="0.712"></testcase><testcase classname="test_1_plm_in_menu.TestPlmMenu" file="test_1_plm_in_menu.py" line="12" name="test_0" time="9.908"></testcase><testcase classname="test_1_plm_in_menu.TestPlmMenu" file="test_1_plm_in_menu.py" line="35" name="test_1" time="7.641"></testcase><testcase classname="test_1_plm_in_menu.TestPlmMenu" file="test_1_plm_in_menu.py" line="54" name="test_2" time="0.081"></testcase><testcase classname="test_2_create_new_plm.TestCreateNewPlm" file="/Users/zhaojining/python_Project/NewAutomation/plm_process/test_2_create_new_plm.py" line="10" name="test_0" time="6.619"></testcase><testcase classname="test_2_create_new_plm.TestCreateNewPlm" file="/Users/zhaojining/python_Project/NewAutomation/plm_process/test_2_create_new_plm.py" line="46" name="test_1" time="3.164"></testcase><testcase classname="test_2_create_new_plm.TestCreateNewPlm" file="/Users/zhaojining/python_Project/NewAutomation/plm_process/test_2_create_new_plm.py" line="76" name="test_2" time="3.058"></testcase><testcase classname="test_2_create_new_plm.TestCreateNewPlm" file="/Users/zhaojining/python_Project/NewAutomation/plm_process/test_2_create_new_plm.py" line="104" name="test_3" time="5.205"></testcase><testcase classname="test_3_set_plm_for_new_product.TestSetPlmForNewProduct" file="test_3_set_plm_for_new_product.py" line="11" name="test_0" time="0.130"></testcase><testcase classname="test_3_set_plm_for_new_product.TestSetPlmForNewProduct" file="test_3_set_plm_for_new_product.py" line="21" name="test_1" time="1.042"></testcase><testcase classname="test_3_set_plm_for_new_product.TestSetPlmForNewProduct" file="test_3_set_plm_for_new_product.py" line="36" name="test_2" time="1.356"></testcase><testcase classname="test_3_set_plm_for_new_product.TestSetPlmForNewProduct" file="test_3_set_plm_for_new_product.py" line="49" name="test_3" time="10.823"></testcase><testcase classname="test_3_set_plm_for_new_product.TestSetPlmForNewProduct" file="test_3_set_plm_for_new_product.py" line="111" name="test_4" time="2.488"></testcase><testcase classname="test_3_set_plm_for_new_product.TestSetPlmForNewProduct" file="test_3_set_plm_for_new_product.py" line="165" name="test_5" time="2.737"></testcase><testcase classname="test_3_set_plm_for_new_product.TestSetPlmForNewProduct" file="test_3_set_plm_for_new_product.py" line="304" name="test_6" time="1.039"></testcase><testcase classname="test_4_add_reservation.TestPythonOrgSearch" file="/Users/zhaojining/python_Project/NewAutomation/plm_process/test_4_add_reservation.py" line="9" name="test_0" time="8.457"></testcase></testsuite></testsuites>